<?xml version="1.0" encoding="UTF-8"?>
<!-- Generated by org.testng.reporters.JUnitXMLReporter -->
<testsuite hostname="LAPTOP-20UQJTOP" ignored="0" name="Test" tests="10" failures="2" timestamp="15 Sep 2021 14:23:07 GMT" time="0.081" errors="0">
  <testcase name="tc1" time="0.015" classname="com.execution.test"/>
  <testcase name="tc2" time="0.004" classname="com.execution.test">
    <skipped/>
  </testcase> <!-- tc2 -->
  <testcase name="tc2" time="0.002" classname="com.execution.test">
    <skipped/>
  </testcase> <!-- tc2 -->
  <testcase name="tc2" time="0.001" classname="com.execution.test">
    <skipped/>
  </testcase> <!-- tc2 -->
  <testcase name="tc2" time="0.001" classname="com.execution.test">
    <failure type="java.lang.AssertionError" message="expected [true] but found [false]">
      <![CDATA[java.lang.AssertionError: expected [true] but found [false]
at com.execution.test.tc2(test.java:14)
... Removed 29 stack frames]]>
    </failure>
  </testcase> <!-- tc2 -->
  <testcase name="tc3" time="0.001" classname="com.execution.test">
    <skipped/>
  </testcase> <!-- tc3 -->
  <testcase name="tc3" time="0.001" classname="com.execution.test">
    <skipped/>
  </testcase> <!-- tc3 -->
  <testcase name="tc3" time="0.0" classname="com.execution.test">
    <skipped/>
  </testcase> <!-- tc3 -->
  <testcase name="tc3" time="0.001" classname="com.execution.test">
    <failure type="java.lang.AssertionError" message="expected [true] but found [false]">
      <![CDATA[java.lang.AssertionError: expected [true] but found [false]
at com.execution.test.tc3(test.java:20)
... Removed 29 stack frames]]>
    </failure>
  </testcase> <!-- tc3 -->
  <testcase name="tc4" time="0.001" classname="com.execution.test"/>
</testsuite> <!-- Test -->
